<?xml version="1.0" encoding="UTF-8"?>
<testng-results skipped="0" failed="1" ignored="0" total="2" passed="1">
  <reporter-output>
  </reporter-output>
  <suite name="Suite" duration-ms="85338" started-at="2019-04-23T04:18:09Z" finished-at="2019-04-23T04:19:34Z">
    <groups>
    </groups>
    <test name="Test" duration-ms="85338" started-at="2019-04-23T04:18:09Z" finished-at="2019-04-23T04:19:34Z">
      <class name="com.qa.ascendum.test.HomePageTest">
        <test-method status="PASS" signature="Initialize_Browser()[pri:0, instance:com.qa.ascendum.test.HomePageTest@7d907bac]" name="Initialize_Browser" is-config="true" duration-ms="11513" started-at="2019-04-23T04:18:09Z" finished-at="2019-04-23T04:18:21Z">
          <reporter-output>
          </reporter-output>
        </test-method> <!-- Initialize_Browser -->
        <test-method status="PASS" signature="searchPhrase()[pri:0, instance:com.qa.ascendum.test.HomePageTest@7d907bac]" name="searchPhrase" duration-ms="912" started-at="2019-04-23T04:18:21Z" finished-at="2019-04-23T04:18:22Z">
          <reporter-output>
          </reporter-output>
        </test-method> <!-- searchPhrase -->
        <test-method status="FAIL" signature="validateHomepage()[pri:0, instance:com.qa.ascendum.test.HomePageTest@7d907bac]" name="validateHomepage" duration-ms="71621" started-at="2019-04-23T04:18:22Z" finished-at="2019-04-23T04:19:33Z">
          <exception class="java.lang.AssertionError">
            <message>
              <![CDATA[expected [learningtesting blog] but found [testing blog]]]>
            </message>
            <full-stacktrace>
                <![CDATA[java.lang.AssertionError: expected [learningtesting blog] but found [testing blog]
at org.testng.Assert.fail(Assert.java:96)
at org.testng.Assert.failNotEquals(Assert.java:776)
at org.testng.Assert.assertEqualsImpl(Assert.java:137)
at org.testng.Assert.assertEquals(Assert.java:118)
at org.testng.Assert.assertEquals(Assert.java:453)
at org.testng.Assert.assertEquals(Assert.java:463)
at com.ascendum.Cantaloupe.base.BaseActions.retrievedSearchResults(BaseActions.java:150)
at com.qa.ascendum.pageActions.HomePageActions.searchData(HomePageActions.java:32)
at com.qa.ascendum.test.HomePageTest.validateHomepage(HomePageTest.java:19)
at sun.reflect.NativeMethodAccessorImpl.invoke0(Native Method)
at sun.reflect.NativeMethodAccessorImpl.invoke(NativeMethodAccessorImpl.java:62)
at sun.reflect.DelegatingMethodAccessorImpl.invoke(DelegatingMethodAccessorImpl.java:43)
at java.lang.reflect.Method.invoke(Method.java:498)
at org.testng.internal.MethodInvocationHelper.invokeMethod(MethodInvocationHelper.java:124)
at org.testng.internal.Invoker.invokeMethod(Invoker.java:583)
at org.testng.internal.Invoker.invokeTestMethod(Invoker.java:719)
at org.testng.internal.Invoker.invokeTestMethods(Invoker.java:989)
at org.testng.internal.TestMethodWorker.invokeTestMethods(TestMethodWorker.java:125)
at org.testng.internal.TestMethodWorker.run(TestMethodWorker.java:109)
at org.testng.TestRunner.privateRun(TestRunner.java:648)
at org.testng.TestRunner.run(TestRunner.java:505)
at org.testng.SuiteRunner.runTest(SuiteRunner.java:455)
at org.testng.SuiteRunner.runSequentially(SuiteRunner.java:450)
at org.testng.SuiteRunner.privateRun(SuiteRunner.java:415)
at org.testng.SuiteRunner.run(SuiteRunner.java:364)
at org.testng.SuiteRunnerWorker.runSuite(SuiteRunnerWorker.java:52)
at org.testng.SuiteRunnerWorker.run(SuiteRunnerWorker.java:84)
at org.testng.TestNG.runSuitesSequentially(TestNG.java:1208)
at org.testng.TestNG.runSuitesLocally(TestNG.java:1137)
at org.testng.TestNG.runSuites(TestNG.java:1049)
at org.testng.TestNG.run(TestNG.java:1017)
at org.testng.remote.AbstractRemoteTestNG.run(AbstractRemoteTestNG.java:115)
at org.testng.remote.RemoteTestNG.initAndRun(RemoteTestNG.java:251)
at org.testng.remote.RemoteTestNG.main(RemoteTestNG.java:77)
]]>
            </full-stacktrace>
          </exception> <!-- java.lang.AssertionError -->
          <reporter-output>
          </reporter-output>
        </test-method> <!-- validateHomepage -->
        <test-method status="PASS" signature="closeBrowser()[pri:0, instance:com.qa.ascendum.test.HomePageTest@7d907bac]" name="closeBrowser" is-config="true" duration-ms="1256" started-at="2019-04-23T04:19:33Z" finished-at="2019-04-23T04:19:34Z">
          <reporter-output>
          </reporter-output>
        </test-method> <!-- closeBrowser -->
      </class> <!-- com.qa.ascendum.test.HomePageTest -->
    </test> <!-- Test -->
  </suite> <!-- Suite -->
</testng-results>
